[debug] [2018-07-09T05:35:47.544Z] ----------------------------------------------------------------------
[debug] [2018-07-09T05:35:47.546Z] Command:       /usr/local/bin/node /usr/local/bin/firebase use --add
[debug] [2018-07-09T05:35:47.546Z] CLI Version:   3.19.3
[debug] [2018-07-09T05:35:47.546Z] Platform:      darwin
[debug] [2018-07-09T05:35:47.546Z] Node Version:  v8.9.3
[debug] [2018-07-09T05:35:47.546Z] Time:          Mon Jul 09 2018 01:35:47 GMT-0400 (EDT)
[debug] [2018-07-09T05:35:47.546Z] ----------------------------------------------------------------------
[debug] 
[debug] [2018-07-09T05:35:47.553Z] > command requires scopes: ["email","openid","https://www.googleapis.com/auth/cloudplatformprojects.readonly","https://www.googleapis.com/auth/firebase"]
[debug] [2018-07-09T05:35:47.553Z] > authorizing via signed-in user
[debug] [2018-07-09T05:35:47.555Z] >>> HTTP REQUEST GET https://admin.firebase.com/v1/projects  
  
 Mon Jul 09 2018 01:35:47 GMT-0400 (EDT)
[debug] [2018-07-09T05:35:47.908Z] <<< HTTP RESPONSE 200
[debug] [2018-07-09T05:35:56.996Z] TypeError: Cannot read property 'setRawMode' of null
    at ReadStream.setRawMode (tty.js:61:16)
    at Interface._setRawMode (readline.js:243:16)
    at Interface.close (readline.js:367:10)
    at ReadStream.ontermend (readline.js:156:10)
    at emitNone (events.js:111:20)
    at ReadStream.emit (events.js:208:7)
    at endReadableNT (_stream_readable.js:1056:12)
    at _combinedTickCallback (internal/process/next_tick.js:138:11)
    at process._tickDomainCallback (internal/process/next_tick.js:218:9)
[error] 
[error] Error: An unexpected error has occurred.
[debug] [2018-07-09T05:35:56.998Z] Error: write EIO
    at _errnoException (util.js:1024:11)
    at WriteWrap.afterWrite [as oncomplete] (net.js:867:14)
[error] 
[error] Error: An unexpected error has occurred.
